  PA1_pb2.cpp
C:\Users\Lee\source\repos\PA1_pb2\PA1_pb2\PA1_pb2.cpp(26,14): warning C4244: '=': conversion from 'double' to 'float', possible loss of data
C:\Users\Lee\source\repos\PA1_pb2\PA1_pb2\PA1_pb2.cpp(27,15): warning C4244: '=': conversion from 'double' to 'float', possible loss of data
C:\Users\Lee\source\repos\PA1_pb2\PA1_pb2\PA1_pb2.cpp(77,32): warning C4244: 'initializing': conversion from 'int' to 'float', possible loss of data
C:\Users\Lee\source\repos\PA1_pb2\PA1_pb2\PA1_pb2.cpp(78,33): warning C4244: 'initializing': conversion from 'int' to 'float', possible loss of data
C:\Users\Lee\source\repos\PA1_pb2\PA1_pb2\PA1_pb2.cpp(83,34): warning C4244: '=': conversion from 'float' to 'int', possible loss of data
C:\Users\Lee\source\repos\PA1_pb2\PA1_pb2\PA1_pb2.cpp(85,34): warning C4244: '=': conversion from 'float' to 'int', possible loss of data
C:\Users\Lee\source\repos\PA1_pb2\PA1_pb2\PA1_pb2.cpp(90,85): warning C4244: '=': conversion from 'float' to 'int', possible loss of data
C:\Users\Lee\source\repos\PA1_pb2\PA1_pb2\PA1_pb2.cpp(117,32): warning C4244: 'initializing': conversion from 'int' to 'float', possible loss of data
C:\Users\Lee\source\repos\PA1_pb2\PA1_pb2\PA1_pb2.cpp(118,33): warning C4244: 'initializing': conversion from 'int' to 'float', possible loss of data
C:\Users\Lee\source\repos\PA1_pb2\PA1_pb2\PA1_pb2.cpp(123,34): warning C4244: '=': conversion from 'float' to 'int', possible loss of data
C:\Users\Lee\source\repos\PA1_pb2\PA1_pb2\PA1_pb2.cpp(125,34): warning C4244: '=': conversion from 'float' to 'int', possible loss of data
C:\Users\Lee\source\repos\PA1_pb2\PA1_pb2\PA1_pb2.cpp(128,85): warning C4244: '=': conversion from 'float' to 'int', possible loss of data
C:\Users\Lee\source\repos\PA1_pb2\PA1_pb2\PA1_pb2.cpp(149,20): warning C4244: 'initializing': conversion from 'double' to 'int', possible loss of data
C:\Users\Lee\source\repos\PA1_pb2\PA1_pb2\PA1_pb2.cpp(150,20): warning C4244: 'initializing': conversion from 'double' to 'int', possible loss of data
C:\Users\Lee\source\repos\PA1_pb2\PA1_pb2\PA1_pb2.cpp(151,22): warning C4244: 'initializing': conversion from 'double' to 'int', possible loss of data
C:\Users\Lee\source\repos\PA1_pb2\PA1_pb2\PA1_pb2.cpp(241,30): warning C4244: '=': conversion from 'double' to 'int', possible loss of data
C:\Users\Lee\source\repos\PA1_pb2\PA1_pb2\PA1_pb2.cpp(242,30): warning C4244: '=': conversion from 'double' to 'int', possible loss of data
C:\Users\Lee\source\repos\PA1_pb2\PA1_pb2\PA1_pb2.cpp(243,31): warning C4244: '=': conversion from 'double' to 'int', possible loss of data
C:\Users\Lee\source\repos\PA1_pb2\PA1_pb2\PA1_pb2.cpp(244,27): warning C4244: '=': conversion from 'double' to 'int', possible loss of data
  PA1_pb2.vcxproj -> C:\Users\Lee\source\repos\PA1_pb2\x64\Debug\PA1_pb2.exe
